2020-03-06 21:03:20INFO  Main:12 - Enter Your Choice 
1.Insert
2.Delete
3.Search
4.view
5.Exit
2020-03-06 21:03:27INFO  Main:16 - Enter element
2020-03-06 21:03:35INFO  Main:18 - Enter position
2020-03-06 21:12:21INFO  Main:12 - Enter Your Choice 
1.Insert
2.Delete
3.Search
4.view
5.Exit
2020-03-06 21:12:24INFO  Main:18 - Enter element
2020-03-06 21:12:26INFO  Main:20 - Enter position
2020-03-06 21:12:28INFO  Main:45 - Do You Want to continue ,
if yes enter 1 or 0
2020-03-06 21:12:29INFO  Main:18 - Enter element
2020-03-06 21:12:32INFO  Main:20 - Enter position
2020-03-06 21:12:35INFO  Main:45 - Do You Want to continue ,
if yes enter 1 or 0
2020-03-06 21:14:44INFO  Main:18 - Enter element
2020-03-06 21:14:48INFO  Main:20 - Enter position
2020-03-06 21:14:50INFO  Main:45 - Do You Want to continue ,
if yes enter 1 or 0
2020-03-06 21:14:52INFO  Main:18 - Enter element
2020-03-06 21:15:51INFO  Main:14 - Enter Your Choice 
1.Insert
2.Delete
3.Search
4.view
5.Exit
2020-03-06 21:15:55INFO  Main:18 - Enter element
2020-03-06 21:15:58INFO  Main:20 - Enter position
2020-03-06 21:15:59INFO  Main:45 - Do You Want to continue ,
if yes enter 1 or 0
2020-03-06 21:16:01INFO  Main:14 - Enter Your Choice 
1.Insert
2.Delete
3.Search
4.view
5.Exit
2020-03-06 21:16:40INFO  Main:14 - Enter Your Choice 
1.Insert
2.Delete
3.Search
4.view
5.Exit
2020-03-06 21:16:42INFO  Main:14 - Enter Your Choice 
1.Insert
2.Delete
3.Search
4.view
5.Exit
2020-03-06 21:16:48INFO  Main:18 - Enter element
2020-03-06 21:16:51INFO  Main:20 - Enter position
2020-03-06 21:16:52INFO  Main:46 - Do You Want to continue ,
if yes enter 1 or 0
2020-03-06 21:16:54INFO  Main:14 - Enter Your Choice 
1.Insert
2.Delete
3.Search
4.view
5.Exit
2020-03-06 21:16:57INFO  Main:46 - Do You Want to continue ,
if yes enter 1 or 0
2020-03-06 21:17:00INFO  Main:14 - Enter Your Choice 
1.Insert
2.Delete
3.Search
4.view
5.Exit
2020-03-06 21:17:03INFO  Main:30 - Enter element
2020-03-06 21:17:06INFO  Main:38 - Element not found
2020-03-06 21:17:06INFO  Main:46 - Do You Want to continue ,
if yes enter 1 or 0
2020-03-06 21:17:09INFO  Main:14 - Enter Your Choice 
1.Insert
2.Delete
3.Search
4.view
5.Exit
2020-03-06 21:17:13INFO  Main:25 - Enter element
2020-03-06 21:17:28INFO  Main:14 - Enter Your Choice 
1.Insert
2.Delete
3.Search
4.view
5.Exit
2020-03-06 21:17:31INFO  Main:18 - Enter element
2020-03-06 21:17:36INFO  Main:20 - Enter position
2020-03-06 21:17:37INFO  Main:46 - Do You Want to continue ,
if yes enter 1 or 0
2020-03-06 21:17:39INFO  Main:14 - Enter Your Choice 
1.Insert
2.Delete
3.Search
4.view
5.Exit
2020-03-06 21:17:43INFO  Main:30 - Enter element
2020-03-06 21:17:45INFO  Main:35 - Element Found
2020-03-06 21:17:45INFO  Main:46 - Do You Want to continue ,
if yes enter 1 or 0
2020-03-06 21:17:49INFO  Main:14 - Enter Your Choice 
1.Insert
2.Delete
3.Search
4.view
5.Exit
2020-03-06 21:17:51INFO  Main:25 - Enter element
2020-03-06 21:17:53INFO  Main:46 - Do You Want to continue ,
if yes enter 1 or 0
2020-03-06 21:17:57INFO  Main:14 - Enter Your Choice 
1.Insert
2.Delete
3.Search
4.view
5.Exit
2020-03-06 21:17:59INFO  Main:46 - Do You Want to continue ,
if yes enter 1 or 0
2020-03-06 21:18:01INFO  Main:14 - Enter Your Choice 
1.Insert
2.Delete
3.Search
4.view
5.Exit
